d:\university\semester6\multicoreprogramming\hw\finalproject\final_files\determinantcalculation\determinantcalculation\x64\release\vc141.pdb
d:\university\semester6\multicoreprogramming\hw\finalproject\final_files\determinantcalculation\determinantcalculation\x64\release\determinantcalculation_parallel.obj
d:\university\semester6\multicoreprogramming\hw\finalproject\final_files\determinantcalculation\x64\release\determinantcalculation.ipdb
d:\university\semester6\multicoreprogramming\hw\finalproject\final_files\determinantcalculation\x64\release\determinantcalculation.iobj
d:\university\semester6\multicoreprogramming\hw\finalproject\final_files\determinantcalculation\x64\release\determinantcalculation.exe
d:\university\semester6\multicoreprogramming\hw\finalproject\final_files\determinantcalculation\x64\release\determinantcalculation.pdb
c:\users\arash\appdata\local\temp\lnk{caaaa163-89cd-43b7-a55f-7725f19a6dfd}.tmp
c:\users\arash\appdata\local\temp\lnk{0427b9fb-577e-42bf-819b-77e590ec0312}.tmp
c:\users\arash\appdata\local\temp\lnk{660d8950-d8b5-45cd-8d1f-886644c9a250}.tmp
c:\users\arash\appdata\local\temp\lnk{a68f1a0e-851d-484a-87ad-f823f09174e3}.tmp
c:\users\arash\appdata\local\temp\lnk{1bc60634-f8bf-4d7d-84a6-05cb65323ed4}.tmp
c:\users\arash\appdata\local\temp\lnk{eb79fb2e-aa6f-415e-96bc-f0b8eeda5581}.tmp
c:\users\arash\appdata\local\temp\lnk{d2c3e896-40a9-485f-9aef-237cb22ff324}.tmp
c:\users\arash\appdata\local\temp\lnk{77e3fe24-82a9-4e49-be49-af05e7f413b5}.tmp
c:\users\arash\appdata\local\temp\lnk{8b373b2b-1c7d-4cfc-bc63-8f45a93bc98e}.tmp
c:\users\arash\appdata\local\temp\lnk{50296954-abf8-46c6-83bd-51c6a31230a8}.tmp
c:\users\arash\appdata\local\temp\lnk{2473bcfc-22a0-477f-bf7a-00450e17973a}.tmp
c:\users\arash\appdata\local\temp\lnk{1efdccaa-e763-4471-92ec-c7ed343cc8e7}.tmp
c:\users\arash\appdata\local\temp\lnk{59f3219b-7301-4b83-8d77-e5bd243d5426}.tmp
c:\users\arash\appdata\local\temp\lnk{da88032d-1cdd-431d-8e3a-da20700e590a}.tmp
c:\users\arash\appdata\local\temp\lnk{8a5db25c-a119-4fb3-a0ef-267ef4bc2a73}.tmp
c:\users\arash\appdata\local\temp\lnk{d33b93d8-0853-4c04-b2ec-91328804cdb1}.tmp
c:\users\arash\appdata\local\temp\lnk{1caa65d7-4eec-43b0-a6c0-b0ef207600fb}.tmp
c:\users\arash\appdata\local\temp\lnk{1e5f4a62-7b3c-4c32-a6af-19fa246f0b88}.tmp
c:\users\arash\appdata\local\temp\lnk{3d4a4492-73ac-47ef-af92-b003868c2bd5}.tmp
c:\users\arash\appdata\local\temp\lnk{95a2170d-42bc-4e51-9c02-ac40253a26e7}.tmp
c:\users\arash\appdata\local\temp\lnk{f57a6f68-e68d-4e8d-a87e-4c09c0fcafb9}.tmp
c:\users\arash\appdata\local\temp\lnk{a546dc48-12ad-4b53-820c-bf18acdb7892}.tmp
c:\users\arash\appdata\local\temp\lnk{4c5260aa-0b7d-4e8c-b709-6a6c8dd3a4f8}.tmp
d:\university\semester6\multicoreprogramming\hw\finalproject\final_files\determinantcalculation\determinantcalculation\x64\release\determinantcalculation.obj
d:\university\semester6\multicoreprogramming\hw\finalproject\final_files\determinantcalculation\determinantcalculation\x64\release\determin.a7411d7f.tlog\cl.command.1.tlog
d:\university\semester6\multicoreprogramming\hw\finalproject\final_files\determinantcalculation\determinantcalculation\x64\release\determin.a7411d7f.tlog\cl.read.1.tlog
d:\university\semester6\multicoreprogramming\hw\finalproject\final_files\determinantcalculation\determinantcalculation\x64\release\determin.a7411d7f.tlog\cl.write.1.tlog
d:\university\semester6\multicoreprogramming\hw\finalproject\final_files\determinantcalculation\determinantcalculation\x64\release\determin.a7411d7f.tlog\determinantcalculation.write.1u.tlog
d:\university\semester6\multicoreprogramming\hw\finalproject\final_files\determinantcalculation\determinantcalculation\x64\release\determin.a7411d7f.tlog\icl-mcpcom.read.1.tlog
d:\university\semester6\multicoreprogramming\hw\finalproject\final_files\determinantcalculation\determinantcalculation\x64\release\determin.a7411d7f.tlog\icl-mcpcom.write.1.tlog
d:\university\semester6\multicoreprogramming\hw\finalproject\final_files\determinantcalculation\determinantcalculation\x64\release\determin.a7411d7f.tlog\icl.command.1.tlog
d:\university\semester6\multicoreprogramming\hw\finalproject\final_files\determinantcalculation\determinantcalculation\x64\release\determin.a7411d7f.tlog\icl.read.1.tlog
d:\university\semester6\multicoreprogramming\hw\finalproject\final_files\determinantcalculation\determinantcalculation\x64\release\determin.a7411d7f.tlog\icl.write.1.tlog
d:\university\semester6\multicoreprogramming\hw\finalproject\final_files\determinantcalculation\determinantcalculation\x64\release\determin.a7411d7f.tlog\link.command.1.tlog
d:\university\semester6\multicoreprogramming\hw\finalproject\final_files\determinantcalculation\determinantcalculation\x64\release\determin.a7411d7f.tlog\link.read.1.tlog
d:\university\semester6\multicoreprogramming\hw\finalproject\final_files\determinantcalculation\determinantcalculation\x64\release\determin.a7411d7f.tlog\link.write.1.tlog
d:\university\semester6\multicoreprogramming\hw\finalproject\final_files\determinantcalculation\determinantcalculation\x64\release\determin.a7411d7f.tlog\xilink-link-cvtres.read.1.tlog
d:\university\semester6\multicoreprogramming\hw\finalproject\final_files\determinantcalculation\determinantcalculation\x64\release\determin.a7411d7f.tlog\xilink-link-cvtres.write.1.tlog
d:\university\semester6\multicoreprogramming\hw\finalproject\final_files\determinantcalculation\determinantcalculation\x64\release\determin.a7411d7f.tlog\xilink-link-rc.read.1.tlog
d:\university\semester6\multicoreprogramming\hw\finalproject\final_files\determinantcalculation\determinantcalculation\x64\release\determin.a7411d7f.tlog\xilink-link-rc.write.1.tlog
d:\university\semester6\multicoreprogramming\hw\finalproject\final_files\determinantcalculation\determinantcalculation\x64\release\determin.a7411d7f.tlog\xilink-link.read.1.tlog
d:\university\semester6\multicoreprogramming\hw\finalproject\final_files\determinantcalculation\determinantcalculation\x64\release\determin.a7411d7f.tlog\xilink-link.write.1.tlog
d:\university\semester6\multicoreprogramming\hw\finalproject\final_files\determinantcalculation\determinantcalculation\x64\release\determin.a7411d7f.tlog\xilink-mcpcom.read.1.tlog
d:\university\semester6\multicoreprogramming\hw\finalproject\final_files\determinantcalculation\determinantcalculation\x64\release\determin.a7411d7f.tlog\xilink-mcpcom.write.1.tlog
d:\university\semester6\multicoreprogramming\hw\finalproject\final_files\determinantcalculation\determinantcalculation\x64\release\determin.a7411d7f.tlog\xilink.command.1.tlog
d:\university\semester6\multicoreprogramming\hw\finalproject\final_files\determinantcalculation\determinantcalculation\x64\release\determin.a7411d7f.tlog\xilink.read.1.tlog
d:\university\semester6\multicoreprogramming\hw\finalproject\final_files\determinantcalculation\determinantcalculation\x64\release\determin.a7411d7f.tlog\xilink.write.1.tlog
