[0810/214733.416:ERROR:ssl_client_socket_impl.cc(962)] handshake failed; returned -1, SSL error code 1, net_error -202
[0810/214733.518:ERROR:ssl_client_socket_impl.cc(962)] handshake failed; returned -1, SSL error code 1, net_error -202
[0810/214733.521:ERROR:ssl_client_socket_impl.cc(962)] handshake failed; returned -1, SSL error code 1, net_error -202
[0810/214733.526:ERROR:ssl_client_socket_impl.cc(962)] handshake failed; returned -1, SSL error code 1, net_error -202
[0810/214733.533:ERROR:ssl_client_socket_impl.cc(962)] handshake failed; returned -1, SSL error code 1, net_error -202
[0810/214733.539:ERROR:ssl_client_socket_impl.cc(962)] handshake failed; returned -1, SSL error code 1, net_error -202
[0810/214733.548:ERROR:ssl_client_socket_impl.cc(962)] handshake failed; returned -1, SSL error code 1, net_error -202
[0810/214733.554:ERROR:ssl_client_socket_impl.cc(962)] handshake failed; returned -1, SSL error code 1, net_error -202
[0810/214733.563:ERROR:ssl_client_socket_impl.cc(962)] handshake failed; returned -1, SSL error code 1, net_error -202
[0810/214733.569:ERROR:ssl_client_socket_impl.cc(962)] handshake failed; returned -1, SSL error code 1, net_error -202
[0810/214733.575:ERROR:ssl_client_socket_impl.cc(962)] handshake failed; returned -1, SSL error code 1, net_error -202
[0810/214733.584:ERROR:ssl_client_socket_impl.cc(962)] handshake failed; returned -1, SSL error code 1, net_error -202
[0810/214733.590:ERROR:ssl_client_socket_impl.cc(962)] handshake failed; returned -1, SSL error code 1, net_error -202
[0810/214733.599:ERROR:ssl_client_socket_impl.cc(962)] handshake failed; returned -1, SSL error code 1, net_error -202
[0810/214733.605:ERROR:ssl_client_socket_impl.cc(962)] handshake failed; returned -1, SSL error code 1, net_error -202
[0810/214734.084:INFO:CONSOLE(0)] "Uncaught (in promise) #<Object>", source: https://127.0.0.1:1203/login/passphrase?passphrase=b0286127-f08d-4b96-9f57-65f0878fa861 (0)
[0810/214734.522:ERROR:ssl_client_socket_impl.cc(962)] handshake failed; returned -1, SSL error code 1, net_error -202
[0810/214735.696:ERROR:ssl_client_socket_impl.cc(962)] handshake failed; returned -1, SSL error code 1, net_error -202
[0810/214741.023:ERROR:ssl_client_socket_impl.cc(962)] handshake failed; returned -1, SSL error code 1, net_error -202
[0810/214741.198:ERROR:ssl_client_socket_impl.cc(962)] handshake failed; returned -1, SSL error code 1, net_error -202
[0810/214741.202:ERROR:ssl_client_socket_impl.cc(962)] handshake failed; returned -1, SSL error code 1, net_error -202
[0810/214741.207:ERROR:ssl_client_socket_impl.cc(962)] handshake failed; returned -1, SSL error code 1, net_error -202
[0810/214741.212:ERROR:ssl_client_socket_impl.cc(962)] handshake failed; returned -1, SSL error code 1, net_error -202
[0810/214741.218:ERROR:ssl_client_socket_impl.cc(962)] handshake failed; returned -1, SSL error code 1, net_error -202
[0810/214741.228:ERROR:ssl_client_socket_impl.cc(962)] handshake failed; returned -1, SSL error code 1, net_error -202
[0810/214741.234:ERROR:ssl_client_socket_impl.cc(962)] handshake failed; returned -1, SSL error code 1, net_error -202
[0810/214741.240:ERROR:ssl_client_socket_impl.cc(962)] handshake failed; returned -1, SSL error code 1, net_error -202
[0810/214741.246:ERROR:ssl_client_socket_impl.cc(962)] handshake failed; returned -1, SSL error code 1, net_error -202
[0810/214741.251:ERROR:ssl_client_socket_impl.cc(962)] handshake failed; returned -1, SSL error code 1, net_error -202
[0810/214741.259:ERROR:ssl_client_socket_impl.cc(962)] handshake failed; returned -1, SSL error code 1, net_error -202
[0810/214741.264:ERROR:ssl_client_socket_impl.cc(962)] handshake failed; returned -1, SSL error code 1, net_error -202
[0810/214741.269:ERROR:ssl_client_socket_impl.cc(962)] handshake failed; returned -1, SSL error code 1, net_error -202
[0810/214741.277:ERROR:ssl_client_socket_impl.cc(962)] handshake failed; returned -1, SSL error code 1, net_error -202
[0810/214741.606:ERROR:ssl_client_socket_impl.cc(962)] handshake failed; returned -1, SSL error code 1, net_error -202
[0810/214741.640:ERROR:ssl_client_socket_impl.cc(962)] handshake failed; returned -1, SSL error code 1, net_error -202
[0810/214741.757:ERROR:ssl_client_socket_impl.cc(962)] handshake failed; returned -1, SSL error code 1, net_error -202
[0810/214742.308:INFO:CONSOLE(0)] "Access to XMLHttpRequest at 'https://software.intel.com/sites/products/vtune/news.json?id=1597079855858' from origin 'https://127.0.0.1:1203' has been blocked by CORS policy: Response to preflight request doesn't pass access control check: No 'Access-Control-Allow-Origin' header is present on the requested resource.", source: https://127.0.0.1:1203/extension-ui/Session-1-1597079850862?passphrase=b0286127-f08d-4b96-9f57-65f0878fa861 (0)
[0810/214745.863:ERROR:shader_disk_cache.cc(257)] Failed to create shader cache entry: -2
[0810/214750.740:ERROR:ssl_client_socket_impl.cc(962)] handshake failed; returned -1, SSL error code 1, net_error -202
[0810/214750.762:ERROR:ssl_client_socket_impl.cc(962)] handshake failed; returned -1, SSL error code 1, net_error -202
[0810/214750.899:ERROR:ssl_client_socket_impl.cc(962)] handshake failed; returned -1, SSL error code 1, net_error -202
[0810/214750.904:ERROR:ssl_client_socket_impl.cc(962)] handshake failed; returned -1, SSL error code 1, net_error -202
[0810/214750.922:ERROR:ssl_client_socket_impl.cc(962)] handshake failed; returned -1, SSL error code 1, net_error -202
[0810/214750.938:ERROR:ssl_client_socket_impl.cc(962)] handshake failed; returned -1, SSL error code 1, net_error -202
[0810/214750.961:ERROR:ssl_client_socket_impl.cc(962)] handshake failed; returned -1, SSL error code 1, net_error -202
[0810/214750.964:ERROR:ssl_client_socket_impl.cc(962)] handshake failed; returned -1, SSL error code 1, net_error -202
[0810/214802.440:ERROR:ssl_client_socket_impl.cc(962)] handshake failed; returned -1, SSL error code 1, net_error -202
[0810/214802.470:ERROR:ssl_client_socket_impl.cc(962)] handshake failed; returned -1, SSL error code 1, net_error -202
[0810/214802.507:ERROR:ssl_client_socket_impl.cc(962)] handshake failed; returned -1, SSL error code 1, net_error -202
[0810/214802.511:ERROR:ssl_client_socket_impl.cc(962)] handshake failed; returned -1, SSL error code 1, net_error -202
[0810/214802.541:ERROR:ssl_client_socket_impl.cc(962)] handshake failed; returned -1, SSL error code 1, net_error -202
[0810/214947.610:ERROR:ssl_client_socket_impl.cc(962)] handshake failed; returned -1, SSL error code 1, net_error -202
[0810/214955.390:ERROR:ssl_client_socket_impl.cc(962)] handshake failed; returned -1, SSL error code 1, net_error -202
[0810/214955.486:ERROR:ssl_client_socket_impl.cc(962)] handshake failed; returned -1, SSL error code 1, net_error -202
[0810/214956.174:ERROR:ssl_client_socket_impl.cc(962)] handshake failed; returned -1, SSL error code 1, net_error -202
[0810/214956.178:ERROR:ssl_client_socket_impl.cc(962)] handshake failed; returned -1, SSL error code 1, net_error -202
[0810/214956.335:ERROR:ssl_client_socket_impl.cc(962)] handshake failed; returned -1, SSL error code 1, net_error -202
[0810/214956.346:ERROR:ssl_client_socket_impl.cc(962)] handshake failed; returned -1, SSL error code 1, net_error -202
[0810/214956.355:ERROR:ssl_client_socket_impl.cc(962)] handshake failed; returned -1, SSL error code 1, net_error -202
[0810/214956.366:ERROR:ssl_client_socket_impl.cc(962)] handshake failed; returned -1, SSL error code 1, net_error -202
[0810/214956.375:ERROR:ssl_client_socket_impl.cc(962)] handshake failed; returned -1, SSL error code 1, net_error -202
[0810/214956.387:ERROR:ssl_client_socket_impl.cc(962)] handshake failed; returned -1, SSL error code 1, net_error -202
[0810/214956.398:ERROR:ssl_client_socket_impl.cc(962)] handshake failed; returned -1, SSL error code 1, net_error -202
[0810/214956.424:ERROR:ssl_client_socket_impl.cc(962)] handshake failed; returned -1, SSL error code 1, net_error -202
[0810/220757.367:ERROR:ssl_client_socket_impl.cc(962)] handshake failed; returned -1, SSL error code 1, net_error -202
[0810/220757.482:ERROR:ssl_client_socket_impl.cc(962)] handshake failed; returned -1, SSL error code 1, net_error -202
[0810/220757.489:ERROR:ssl_client_socket_impl.cc(962)] handshake failed; returned -1, SSL error code 1, net_error -202
[0810/220757.496:ERROR:ssl_client_socket_impl.cc(962)] handshake failed; returned -1, SSL error code 1, net_error -202
[0810/220757.523:INFO:CONSOLE(67)] "Ignore config query 'Call Stack'(/CPUParentCallStack) because of duplicate display name!", source: https://127.0.0.1:1203/htmlutil/htmlutil-605129.js (67)
[0810/220757.523:INFO:CONSOLE(67)] "Ignore config query 'Thread'(/GenericThread) because of duplicate display name!", source: https://127.0.0.1:1203/htmlutil/htmlutil-605129.js (67)
[0810/220757.527:ERROR:ssl_client_socket_impl.cc(962)] handshake failed; returned -1, SSL error code 1, net_error -202
[0810/220757.540:ERROR:ssl_client_socket_impl.cc(962)] handshake failed; returned -1, SSL error code 1, net_error -202
[0810/220757.559:ERROR:ssl_client_socket_impl.cc(962)] handshake failed; returned -1, SSL error code 1, net_error -202
[0810/220757.565:ERROR:ssl_client_socket_impl.cc(962)] handshake failed; returned -1, SSL error code 1, net_error -202
[0810/220757.578:ERROR:ssl_client_socket_impl.cc(962)] handshake failed; returned -1, SSL error code 1, net_error -202
[0810/220757.973:INFO:CONSOLE(67)] "No selection filter is set yet", source: https://127.0.0.1:1203/htmlutil/htmlutil-605129.js (67)
[0810/220823.895:ERROR:ssl_client_socket_impl.cc(962)] handshake failed; returned -1, SSL error code 1, net_error -202
[0810/220823.922:ERROR:ssl_client_socket_impl.cc(962)] handshake failed; returned -1, SSL error code 1, net_error -202
[0810/220834.391:ERROR:ssl_client_socket_impl.cc(962)] handshake failed; returned -1, SSL error code 1, net_error -202
[0810/220836.188:ERROR:ssl_client_socket_impl.cc(962)] handshake failed; returned -1, SSL error code 1, net_error -202
[0810/220847.167:ERROR:ssl_client_socket_impl.cc(962)] handshake failed; returned -1, SSL error code 1, net_error -202
[0810/220847.182:ERROR:ssl_client_socket_impl.cc(962)] handshake failed; returned -1, SSL error code 1, net_error -202
[0810/220848.172:ERROR:ssl_client_socket_impl.cc(962)] handshake failed; returned -1, SSL error code 1, net_error -202
[0810/220940.808:ERROR:ssl_client_socket_impl.cc(962)] handshake failed; returned -1, SSL error code 1, net_error -202
[0810/220941.085:ERROR:ssl_client_socket_impl.cc(962)] handshake failed; returned -1, SSL error code 1, net_error -202
[0810/220941.089:ERROR:ssl_client_socket_impl.cc(962)] handshake failed; returned -1, SSL error code 1, net_error -202
[0810/220941.094:ERROR:ssl_client_socket_impl.cc(962)] handshake failed; returned -1, SSL error code 1, net_error -202
[0810/220941.100:ERROR:ssl_client_socket_impl.cc(962)] handshake failed; returned -1, SSL error code 1, net_error -202
[0810/220941.104:ERROR:ssl_client_socket_impl.cc(962)] handshake failed; returned -1, SSL error code 1, net_error -202
[0810/220941.112:ERROR:ssl_client_socket_impl.cc(962)] handshake failed; returned -1, SSL error code 1, net_error -202
[0810/220941.119:ERROR:ssl_client_socket_impl.cc(962)] handshake failed; returned -1, SSL error code 1, net_error -202
[0810/220941.124:ERROR:ssl_client_socket_impl.cc(962)] handshake failed; returned -1, SSL error code 1, net_error -202
[0810/220941.129:ERROR:ssl_client_socket_impl.cc(962)] handshake failed; returned -1, SSL error code 1, net_error -202
[0810/220941.135:ERROR:ssl_client_socket_impl.cc(962)] handshake failed; returned -1, SSL error code 1, net_error -202
[0810/220941.141:ERROR:ssl_client_socket_impl.cc(962)] handshake failed; returned -1, SSL error code 1, net_error -202
[0810/220941.148:ERROR:ssl_client_socket_impl.cc(962)] handshake failed; returned -1, SSL error code 1, net_error -202
[0810/220941.152:ERROR:ssl_client_socket_impl.cc(962)] handshake failed; returned -1, SSL error code 1, net_error -202
[0810/220941.157:ERROR:ssl_client_socket_impl.cc(962)] handshake failed; returned -1, SSL error code 1, net_error -202
[0810/220941.471:ERROR:ssl_client_socket_impl.cc(962)] handshake failed; returned -1, SSL error code 1, net_error -202
[0810/220941.506:ERROR:ssl_client_socket_impl.cc(962)] handshake failed; returned -1, SSL error code 1, net_error -202
[0810/220941.618:ERROR:ssl_client_socket_impl.cc(962)] handshake failed; returned -1, SSL error code 1, net_error -202
[0810/220950.535:ERROR:ssl_client_socket_impl.cc(962)] handshake failed; returned -1, SSL error code 1, net_error -202
[0810/220950.540:ERROR:ssl_client_socket_impl.cc(962)] handshake failed; returned -1, SSL error code 1, net_error -202
[0810/220950.725:ERROR:ssl_client_socket_impl.cc(962)] handshake failed; returned -1, SSL error code 1, net_error -202
[0810/220958.969:ERROR:ssl_client_socket_impl.cc(962)] handshake failed; returned -1, SSL error code 1, net_error -202
[0810/221007.681:ERROR:ssl_client_socket_impl.cc(962)] handshake failed; returned -1, SSL error code 1, net_error -202
[0810/221007.926:ERROR:ssl_client_socket_impl.cc(962)] handshake failed; returned -1, SSL error code 1, net_error -202
[0810/221009.647:ERROR:ssl_client_socket_impl.cc(962)] handshake failed; returned -1, SSL error code 1, net_error -202
[0810/221009.742:ERROR:ssl_client_socket_impl.cc(962)] handshake failed; returned -1, SSL error code 1, net_error -202
[0810/221009.758:ERROR:ssl_client_socket_impl.cc(962)] handshake failed; returned -1, SSL error code 1, net_error -202
[0810/221009.939:ERROR:ssl_client_socket_impl.cc(962)] handshake failed; returned -1, SSL error code 1, net_error -202
[0810/221009.951:ERROR:ssl_client_socket_impl.cc(962)] handshake failed; returned -1, SSL error code 1, net_error -202
[0810/221009.974:ERROR:ssl_client_socket_impl.cc(962)] handshake failed; returned -1, SSL error code 1, net_error -202
[0810/221009.975:ERROR:ssl_client_socket_impl.cc(962)] handshake failed; returned -1, SSL error code 1, net_error -202
[0810/221021.217:ERROR:ssl_client_socket_impl.cc(962)] handshake failed; returned -1, SSL error code 1, net_error -202
[0810/221021.240:ERROR:ssl_client_socket_impl.cc(962)] handshake failed; returned -1, SSL error code 1, net_error -202
[0810/221021.274:ERROR:ssl_client_socket_impl.cc(962)] handshake failed; returned -1, SSL error code 1, net_error -202
[0810/221021.276:ERROR:ssl_client_socket_impl.cc(962)] handshake failed; returned -1, SSL error code 1, net_error -202
[0810/221021.801:ERROR:ssl_client_socket_impl.cc(962)] handshake failed; returned -1, SSL error code 1, net_error -202
[0810/221057.456:ERROR:ssl_client_socket_impl.cc(962)] handshake failed; returned -1, SSL error code 1, net_error -202
[0810/221057.479:ERROR:ssl_client_socket_impl.cc(962)] handshake failed; returned -1, SSL error code 1, net_error -202
[0810/221057.511:ERROR:ssl_client_socket_impl.cc(962)] handshake failed; returned -1, SSL error code 1, net_error -202
[0810/221057.525:ERROR:ssl_client_socket_impl.cc(962)] handshake failed; returned -1, SSL error code 1, net_error -202
[0810/221057.544:ERROR:ssl_client_socket_impl.cc(962)] handshake failed; returned -1, SSL error code 1, net_error -202
[0810/221136.839:ERROR:ssl_client_socket_impl.cc(962)] handshake failed; returned -1, SSL error code 1, net_error -202
[0810/221136.890:ERROR:ssl_client_socket_impl.cc(962)] handshake failed; returned -1, SSL error code 1, net_error -202
[0810/221136.980:ERROR:ssl_client_socket_impl.cc(962)] handshake failed; returned -1, SSL error code 1, net_error -202
[0810/221136.994:ERROR:ssl_client_socket_impl.cc(962)] handshake failed; returned -1, SSL error code 1, net_error -202
[0810/221137.105:ERROR:ssl_client_socket_impl.cc(962)] handshake failed; returned -1, SSL error code 1, net_error -202
[0810/221138.996:ERROR:ssl_client_socket_impl.cc(962)] handshake failed; returned -1, SSL error code 1, net_error -202
[0810/221159.256:ERROR:ssl_client_socket_impl.cc(962)] handshake failed; returned -1, SSL error code 1, net_error -202
[0810/221203.326:ERROR:ssl_client_socket_impl.cc(962)] handshake failed; returned -1, SSL error code 1, net_error -202
[0810/221207.935:ERROR:ssl_client_socket_impl.cc(962)] handshake failed; returned -1, SSL error code 1, net_error -202
[0810/221208.366:ERROR:ssl_client_socket_impl.cc(962)] handshake failed; returned -1, SSL error code 1, net_error -202
[0810/221208.376:ERROR:ssl_client_socket_impl.cc(962)] handshake failed; returned -1, SSL error code 1, net_error -202
[0810/221208.387:ERROR:ssl_client_socket_impl.cc(962)] handshake failed; returned -1, SSL error code 1, net_error -202
[0810/221208.397:ERROR:ssl_client_socket_impl.cc(962)] handshake failed; returned -1, SSL error code 1, net_error -202
[0810/221208.407:ERROR:ssl_client_socket_impl.cc(962)] handshake failed; returned -1, SSL error code 1, net_error -202
[0810/221208.422:ERROR:ssl_client_socket_impl.cc(962)] handshake failed; returned -1, SSL error code 1, net_error -202
[0810/221208.433:ERROR:ssl_client_socket_impl.cc(962)] handshake failed; returned -1, SSL error code 1, net_error -202
[0810/221208.450:ERROR:ssl_client_socket_impl.cc(962)] handshake failed; returned -1, SSL error code 1, net_error -202
[0810/221219.264:ERROR:ssl_client_socket_impl.cc(962)] handshake failed; returned -1, SSL error code 1, net_error -202
[0810/221219.373:ERROR:ssl_client_socket_impl.cc(962)] handshake failed; returned -1, SSL error code 1, net_error -202
[0810/221219.387:ERROR:ssl_client_socket_impl.cc(962)] handshake failed; returned -1, SSL error code 1, net_error -202
[0810/221219.392:ERROR:ssl_client_socket_impl.cc(962)] handshake failed; returned -1, SSL error code 1, net_error -202
[0810/221219.402:INFO:CONSOLE(67)] "Ignore config query 'Thread'(/GenericThread) because of duplicate display name!", source: https://127.0.0.1:1203/htmlutil/htmlutil-605129.js (67)
[0810/221219.403:ERROR:ssl_client_socket_impl.cc(962)] handshake failed; returned -1, SSL error code 1, net_error -202
[0810/221219.413:ERROR:ssl_client_socket_impl.cc(962)] handshake failed; returned -1, SSL error code 1, net_error -202
[0810/221219.454:ERROR:ssl_client_socket_impl.cc(962)] handshake failed; returned -1, SSL error code 1, net_error -202
[0810/221219.472:ERROR:ssl_client_socket_impl.cc(962)] handshake failed; returned -1, SSL error code 1, net_error -202
[0810/221219.487:ERROR:ssl_client_socket_impl.cc(962)] handshake failed; returned -1, SSL error code 1, net_error -202
[0810/221220.404:INFO:CONSOLE(67)] "No selection filter is set yet", source: https://127.0.0.1:1203/htmlutil/htmlutil-605129.js (67)
[0810/221228.838:ERROR:ssl_client_socket_impl.cc(962)] handshake failed; returned -1, SSL error code 1, net_error -202
[0810/221235.874:ERROR:ssl_client_socket_impl.cc(962)] handshake failed; returned -1, SSL error code 1, net_error -202
[0810/221237.138:ERROR:ssl_client_socket_impl.cc(962)] handshake failed; returned -1, SSL error code 1, net_error -202
[0810/221300.234:ERROR:ssl_client_socket_impl.cc(962)] handshake failed; returned -1, SSL error code 1, net_error -202
[0810/221300.392:ERROR:ssl_client_socket_impl.cc(962)] handshake failed; returned -1, SSL error code 1, net_error -202
[0810/221300.394:ERROR:ssl_client_socket_impl.cc(962)] handshake failed; returned -1, SSL error code 1, net_error -202
[0810/221300.406:ERROR:ssl_client_socket_impl.cc(962)] handshake failed; returned -1, SSL error code 1, net_error -202
[0810/221300.411:ERROR:ssl_client_socket_impl.cc(962)] handshake failed; returned -1, SSL error code 1, net_error -202
[0810/221300.417:ERROR:ssl_client_socket_impl.cc(962)] handshake failed; returned -1, SSL error code 1, net_error -202
[0810/221300.422:ERROR:ssl_client_socket_impl.cc(962)] handshake failed; returned -1, SSL error code 1, net_error -202
[0810/221300.427:ERROR:ssl_client_socket_impl.cc(962)] handshake failed; returned -1, SSL error code 1, net_error -202
[0810/221300.433:ERROR:ssl_client_socket_impl.cc(962)] handshake failed; returned -1, SSL error code 1, net_error -202
[0810/221300.438:ERROR:ssl_client_socket_impl.cc(962)] handshake failed; returned -1, SSL error code 1, net_error -202
[0810/221300.445:ERROR:ssl_client_socket_impl.cc(962)] handshake failed; returned -1, SSL error code 1, net_error -202
[0810/221300.450:ERROR:ssl_client_socket_impl.cc(962)] handshake failed; returned -1, SSL error code 1, net_error -202
[0810/221300.455:ERROR:ssl_client_socket_impl.cc(962)] handshake failed; returned -1, SSL error code 1, net_error -202
[0810/221300.461:ERROR:ssl_client_socket_impl.cc(962)] handshake failed; returned -1, SSL error code 1, net_error -202
[0810/221300.769:ERROR:ssl_client_socket_impl.cc(962)] handshake failed; returned -1, SSL error code 1, net_error -202
[0810/221300.806:ERROR:ssl_client_socket_impl.cc(962)] handshake failed; returned -1, SSL error code 1, net_error -202
[0810/221300.952:ERROR:ssl_client_socket_impl.cc(962)] handshake failed; returned -1, SSL error code 1, net_error -202
[0810/221328.182:ERROR:ssl_client_socket_impl.cc(962)] handshake failed; returned -1, SSL error code 1, net_error -202
[0810/221328.228:ERROR:ssl_client_socket_impl.cc(962)] handshake failed; returned -1, SSL error code 1, net_error -202
[0810/221328.423:ERROR:ssl_client_socket_impl.cc(962)] handshake failed; returned -1, SSL error code 1, net_error -202
[0810/221328.627:ERROR:ssl_client_socket_impl.cc(962)] handshake failed; returned -1, SSL error code 1, net_error -202
[0810/221328.631:ERROR:ssl_client_socket_impl.cc(962)] handshake failed; returned -1, SSL error code 1, net_error -202
[0810/221328.649:ERROR:ssl_client_socket_impl.cc(962)] handshake failed; returned -1, SSL error code 1, net_error -202
[0810/221340.011:ERROR:ssl_client_socket_impl.cc(962)] handshake failed; returned -1, SSL error code 1, net_error -202
[0810/221340.027:ERROR:ssl_client_socket_impl.cc(962)] handshake failed; returned -1, SSL error code 1, net_error -202
[0810/221340.064:ERROR:ssl_client_socket_impl.cc(962)] handshake failed; returned -1, SSL error code 1, net_error -202
[0810/221340.074:ERROR:ssl_client_socket_impl.cc(962)] handshake failed; returned -1, SSL error code 1, net_error -202
[0810/221340.091:ERROR:ssl_client_socket_impl.cc(962)] handshake failed; returned -1, SSL error code 1, net_error -202
[0810/221340.590:ERROR:ssl_client_socket_impl.cc(962)] handshake failed; returned -1, SSL error code 1, net_error -202
[0810/221409.577:ERROR:ssl_client_socket_impl.cc(962)] handshake failed; returned -1, SSL error code 1, net_error -202
[0810/221411.822:ERROR:ssl_client_socket_impl.cc(962)] handshake failed; returned -1, SSL error code 1, net_error -202
[0810/221411.862:ERROR:ssl_client_socket_impl.cc(962)] handshake failed; returned -1, SSL error code 1, net_error -202
[0810/221412.084:ERROR:ssl_client_socket_impl.cc(962)] handshake failed; returned -1, SSL error code 1, net_error -202
[0810/221412.093:ERROR:ssl_client_socket_impl.cc(962)] handshake failed; returned -1, SSL error code 1, net_error -202
[0810/221412.105:ERROR:ssl_client_socket_impl.cc(962)] handshake failed; returned -1, SSL error code 1, net_error -202
[0810/221412.152:ERROR:ssl_client_socket_impl.cc(962)] handshake failed; returned -1, SSL error code 1, net_error -202
[0810/221529.165:ERROR:ssl_client_socket_impl.cc(962)] handshake failed; returned -1, SSL error code 1, net_error -202
[0810/221529.227:ERROR:ssl_client_socket_impl.cc(962)] handshake failed; returned -1, SSL error code 1, net_error -202
[0810/221529.415:ERROR:ssl_client_socket_impl.cc(962)] handshake failed; returned -1, SSL error code 1, net_error -202
[0810/221529.472:ERROR:ssl_client_socket_impl.cc(962)] handshake failed; returned -1, SSL error code 1, net_error -202
[0810/221529.488:ERROR:ssl_client_socket_impl.cc(962)] handshake failed; returned -1, SSL error code 1, net_error -202
[0810/221529.510:ERROR:ssl_client_socket_impl.cc(962)] handshake failed; returned -1, SSL error code 1, net_error -202
[0810/221540.370:ERROR:ssl_client_socket_impl.cc(962)] handshake failed; returned -1, SSL error code 1, net_error -202
[0810/221543.054:ERROR:ssl_client_socket_impl.cc(962)] handshake failed; returned -1, SSL error code 1, net_error -202
[0810/221550.496:ERROR:ssl_client_socket_impl.cc(962)] handshake failed; returned -1, SSL error code 1, net_error -202
[0810/221557.306:ERROR:ssl_client_socket_impl.cc(962)] handshake failed; returned -1, SSL error code 1, net_error -202
[0810/221557.397:ERROR:ssl_client_socket_impl.cc(962)] handshake failed; returned -1, SSL error code 1, net_error -202
[0810/221558.039:ERROR:ssl_client_socket_impl.cc(962)] handshake failed; returned -1, SSL error code 1, net_error -202
[0810/221558.050:ERROR:ssl_client_socket_impl.cc(962)] handshake failed; returned -1, SSL error code 1, net_error -202
[0810/221558.059:ERROR:ssl_client_socket_impl.cc(962)] handshake failed; returned -1, SSL error code 1, net_error -202
[0810/221558.070:ERROR:ssl_client_socket_impl.cc(962)] handshake failed; returned -1, SSL error code 1, net_error -202
[0810/221558.078:ERROR:ssl_client_socket_impl.cc(962)] handshake failed; returned -1, SSL error code 1, net_error -202
[0810/221558.093:ERROR:ssl_client_socket_impl.cc(962)] handshake failed; returned -1, SSL error code 1, net_error -202
[0810/221558.106:ERROR:ssl_client_socket_impl.cc(962)] handshake failed; returned -1, SSL error code 1, net_error -202
[0810/221558.127:ERROR:ssl_client_socket_impl.cc(962)] handshake failed; returned -1, SSL error code 1, net_error -202
[0810/221558.141:ERROR:ssl_client_socket_impl.cc(962)] handshake failed; returned -1, SSL error code 1, net_error -202
[0810/221607.557:ERROR:ssl_client_socket_impl.cc(962)] handshake failed; returned -1, SSL error code 1, net_error -202
[0810/221609.884:ERROR:ssl_client_socket_impl.cc(962)] handshake failed; returned -1, SSL error code 1, net_error -202
[0810/221616.405:ERROR:ssl_client_socket_impl.cc(962)] handshake failed; returned -1, SSL error code 1, net_error -202
[0810/221639.479:ERROR:ssl_client_socket_impl.cc(962)] handshake failed; returned -1, SSL error code 1, net_error -202
[0810/221639.498:ERROR:ssl_client_socket_impl.cc(962)] handshake failed; returned -1, SSL error code 1, net_error -202
[0810/221639.541:ERROR:ssl_client_socket_impl.cc(962)] handshake failed; returned -1, SSL error code 1, net_error -202
[0810/221639.635:ERROR:ssl_client_socket_impl.cc(962)] handshake failed; returned -1, SSL error code 1, net_error -202
[0810/221649.529:ERROR:ssl_client_socket_impl.cc(962)] handshake failed; returned -1, SSL error code 1, net_error -202
[0810/221654.913:ERROR:ssl_client_socket_impl.cc(962)] handshake failed; returned -1, SSL error code 1, net_error -202
[0810/221654.953:ERROR:ssl_client_socket_impl.cc(962)] handshake failed; returned -1, SSL error code 1, net_error -202
[0810/221655.089:ERROR:ssl_client_socket_impl.cc(962)] handshake failed; returned -1, SSL error code 1, net_error -202
[0810/221655.101:ERROR:ssl_client_socket_impl.cc(962)] handshake failed; returned -1, SSL error code 1, net_error -202
[0810/221713.606:ERROR:ssl_client_socket_impl.cc(962)] handshake failed; returned -1, SSL error code 1, net_error -202
[0810/221713.709:ERROR:ssl_client_socket_impl.cc(962)] handshake failed; returned -1, SSL error code 1, net_error -202
[0810/221713.717:ERROR:ssl_client_socket_impl.cc(962)] handshake failed; returned -1, SSL error code 1, net_error -202
[0810/221713.725:ERROR:ssl_client_socket_impl.cc(962)] handshake failed; returned -1, SSL error code 1, net_error -202
[0810/221713.755:INFO:CONSOLE(67)] "Ignore config query 'Thread'(/GenericThread) because of duplicate display name!", source: https://127.0.0.1:1203/htmlutil/htmlutil-605129.js (67)
[0810/221713.756:ERROR:ssl_client_socket_impl.cc(962)] handshake failed; returned -1, SSL error code 1, net_error -202
[0810/221713.771:ERROR:ssl_client_socket_impl.cc(962)] handshake failed; returned -1, SSL error code 1, net_error -202
[0810/221713.783:ERROR:ssl_client_socket_impl.cc(962)] handshake failed; returned -1, SSL error code 1, net_error -202
[0810/221713.808:ERROR:ssl_client_socket_impl.cc(962)] handshake failed; returned -1, SSL error code 1, net_error -202
[0810/221713.824:ERROR:ssl_client_socket_impl.cc(962)] handshake failed; returned -1, SSL error code 1, net_error -202
[0810/221713.839:ERROR:ssl_client_socket_impl.cc(962)] handshake failed; returned -1, SSL error code 1, net_error -202
[0810/221713.850:ERROR:ssl_client_socket_impl.cc(962)] handshake failed; returned -1, SSL error code 1, net_error -202
[0810/221713.861:ERROR:ssl_client_socket_impl.cc(962)] handshake failed; returned -1, SSL error code 1, net_error -202
[0810/221714.495:INFO:CONSOLE(67)] "No selection filter is set yet", source: https://127.0.0.1:1203/htmlutil/htmlutil-605129.js (67)
[0810/221729.323:ERROR:ssl_client_socket_impl.cc(962)] handshake failed; returned -1, SSL error code 1, net_error -202
[0810/221735.891:ERROR:ssl_client_socket_impl.cc(962)] handshake failed; returned -1, SSL error code 1, net_error -202
[0810/221735.913:ERROR:ssl_client_socket_impl.cc(962)] handshake failed; returned -1, SSL error code 1, net_error -202
[0810/221737.233:ERROR:ssl_client_socket_impl.cc(962)] handshake failed; returned -1, SSL error code 1, net_error -202
[0810/221811.615:ERROR:ssl_client_socket_impl.cc(962)] handshake failed; returned -1, SSL error code 1, net_error -202
[0810/221818.195:ERROR:ssl_client_socket_impl.cc(962)] handshake failed; returned -1, SSL error code 1, net_error -202
[0810/221827.529:ERROR:ssl_client_socket_impl.cc(962)] handshake failed; returned -1, SSL error code 1, net_error -202
[0810/221827.844:ERROR:ssl_client_socket_impl.cc(962)] handshake failed; returned -1, SSL error code 1, net_error -202
[0810/221828.012:ERROR:ssl_client_socket_impl.cc(962)] handshake failed; returned -1, SSL error code 1, net_error -202
[0810/221828.020:ERROR:ssl_client_socket_impl.cc(962)] handshake failed; returned -1, SSL error code 1, net_error -202
[0810/221828.096:ERROR:ssl_client_socket_impl.cc(962)] handshake failed; returned -1, SSL error code 1, net_error -202
[0810/221828.100:ERROR:ssl_client_socket_impl.cc(962)] handshake failed; returned -1, SSL error code 1, net_error -202
[0810/221828.113:ERROR:ssl_client_socket_impl.cc(962)] handshake failed; returned -1, SSL error code 1, net_error -202
[0810/221851.403:ERROR:ssl_client_socket_impl.cc(962)] handshake failed; returned -1, SSL error code 1, net_error -202
[0810/221851.573:ERROR:ssl_client_socket_impl.cc(962)] handshake failed; returned -1, SSL error code 1, net_error -202
[0810/221851.576:ERROR:ssl_client_socket_impl.cc(962)] handshake failed; returned -1, SSL error code 1, net_error -202
[0810/221851.582:ERROR:ssl_client_socket_impl.cc(962)] handshake failed; returned -1, SSL error code 1, net_error -202
[0810/221851.587:ERROR:ssl_client_socket_impl.cc(962)] handshake failed; returned -1, SSL error code 1, net_error -202
[0810/221851.592:ERROR:ssl_client_socket_impl.cc(962)] handshake failed; returned -1, SSL error code 1, net_error -202
[0810/221851.599:ERROR:ssl_client_socket_impl.cc(962)] handshake failed; returned -1, SSL error code 1, net_error -202
[0810/221851.605:ERROR:ssl_client_socket_impl.cc(962)] handshake failed; returned -1, SSL error code 1, net_error -202
[0810/221851.610:ERROR:ssl_client_socket_impl.cc(962)] handshake failed; returned -1, SSL error code 1, net_error -202
[0810/221851.615:ERROR:ssl_client_socket_impl.cc(962)] handshake failed; returned -1, SSL error code 1, net_error -202
[0810/221851.619:ERROR:ssl_client_socket_impl.cc(962)] handshake failed; returned -1, SSL error code 1, net_error -202
[0810/221851.625:ERROR:ssl_client_socket_impl.cc(962)] handshake failed; returned -1, SSL error code 1, net_error -202
[0810/221851.632:ERROR:ssl_client_socket_impl.cc(962)] handshake failed; returned -1, SSL error code 1, net_error -202
[0810/221851.636:ERROR:ssl_client_socket_impl.cc(962)] handshake failed; returned -1, SSL error code 1, net_error -202
[0810/221851.642:ERROR:ssl_client_socket_impl.cc(962)] handshake failed; returned -1, SSL error code 1, net_error -202
[0810/221851.951:ERROR:ssl_client_socket_impl.cc(962)] handshake failed; returned -1, SSL error code 1, net_error -202
[0810/221851.987:ERROR:ssl_client_socket_impl.cc(962)] handshake failed; returned -1, SSL error code 1, net_error -202
[0810/221852.090:ERROR:ssl_client_socket_impl.cc(962)] handshake failed; returned -1, SSL error code 1, net_error -202
[0810/221901.151:INFO:CONSOLE(67)] "Ignore config query 'Thread'(/GenericThread) because of duplicate display name!", source: https://127.0.0.1:1203/htmlutil/htmlutil-605129.js (67)
[0810/221901.895:INFO:CONSOLE(67)] "No selection filter is set yet", source: https://127.0.0.1:1203/htmlutil/htmlutil-605129.js (67)
[0810/221907.892:ERROR:ssl_client_socket_impl.cc(962)] handshake failed; returned -1, SSL error code 1, net_error -202
[0810/221907.899:ERROR:ssl_client_socket_impl.cc(962)] handshake failed; returned -1, SSL error code 1, net_error -202
[0810/221907.907:ERROR:ssl_client_socket_impl.cc(962)] handshake failed; returned -1, SSL error code 1, net_error -202
[0810/221907.914:ERROR:ssl_client_socket_impl.cc(962)] handshake failed; returned -1, SSL error code 1, net_error -202
[0810/221907.923:ERROR:ssl_client_socket_impl.cc(962)] handshake failed; returned -1, SSL error code 1, net_error -202
[0810/221907.930:ERROR:ssl_client_socket_impl.cc(962)] handshake failed; returned -1, SSL error code 1, net_error -202
[0810/221907.943:ERROR:ssl_client_socket_impl.cc(962)] handshake failed; returned -1, SSL error code 1, net_error -202
[0810/222023.699:ERROR:ssl_client_socket_impl.cc(962)] handshake failed; returned -1, SSL error code 1, net_error -202
[0810/222024.040:ERROR:ssl_client_socket_impl.cc(962)] handshake failed; returned -1, SSL error code 1, net_error -202
[0810/222024.048:ERROR:ssl_client_socket_impl.cc(962)] handshake failed; returned -1, SSL error code 1, net_error -202
[0810/222024.061:ERROR:ssl_client_socket_impl.cc(962)] handshake failed; returned -1, SSL error code 1, net_error -202
[0810/222024.590:ERROR:ssl_client_socket_impl.cc(962)] handshake failed; returned -1, SSL error code 1, net_error -202
[0810/222024.593:ERROR:ssl_client_socket_impl.cc(962)] handshake failed; returned -1, SSL error code 1, net_error -202
[0810/222119.724:ERROR:ssl_client_socket_impl.cc(962)] handshake failed; returned -1, SSL error code 1, net_error -202
[0810/222230.913:ERROR:ssl_client_socket_impl.cc(962)] handshake failed; returned -1, SSL error code 1, net_error -202
[0810/222230.921:ERROR:ssl_client_socket_impl.cc(962)] handshake failed; returned -1, SSL error code 1, net_error -202
[0810/222230.927:ERROR:ssl_client_socket_impl.cc(962)] handshake failed; returned -1, SSL error code 1, net_error -202
[0810/222230.935:ERROR:ssl_client_socket_impl.cc(962)] handshake failed; returned -1, SSL error code 1, net_error -202
[0810/222230.999:INFO:CONSOLE(67)] "Ignore config query 'Call Stack'(/CPUParentCallStack) because of duplicate display name!", source: https://127.0.0.1:1203/htmlutil/htmlutil-605129.js (67)
[0810/222230.999:INFO:CONSOLE(67)] "Ignore config query 'Thread'(/GenericThread) because of duplicate display name!", source: https://127.0.0.1:1203/htmlutil/htmlutil-605129.js (67)
[0810/222231.009:ERROR:ssl_client_socket_impl.cc(962)] handshake failed; returned -1, SSL error code 1, net_error -202
[0810/222231.023:ERROR:ssl_client_socket_impl.cc(962)] handshake failed; returned -1, SSL error code 1, net_error -202
[0810/222231.045:ERROR:ssl_client_socket_impl.cc(962)] handshake failed; returned -1, SSL error code 1, net_error -202
[0810/222231.055:ERROR:ssl_client_socket_impl.cc(962)] handshake failed; returned -1, SSL error code 1, net_error -202
[0810/222241.835:ERROR:ssl_client_socket_impl.cc(962)] handshake failed; returned -1, SSL error code 1, net_error -202
[0810/222249.586:ERROR:ssl_client_socket_impl.cc(962)] handshake failed; returned -1, SSL error code 1, net_error -202
[0810/222352.668:ERROR:ssl_client_socket_impl.cc(962)] handshake failed; returned -1, SSL error code 1, net_error -202
[0810/222352.820:ERROR:ssl_client_socket_impl.cc(962)] handshake failed; returned -1, SSL error code 1, net_error -202
[0810/222352.825:ERROR:ssl_client_socket_impl.cc(962)] handshake failed; returned -1, SSL error code 1, net_error -202
[0810/222352.830:ERROR:ssl_client_socket_impl.cc(962)] handshake failed; returned -1, SSL error code 1, net_error -202
[0810/222352.835:ERROR:ssl_client_socket_impl.cc(962)] handshake failed; returned -1, SSL error code 1, net_error -202
[0810/222352.839:ERROR:ssl_client_socket_impl.cc(962)] handshake failed; returned -1, SSL error code 1, net_error -202
[0810/222352.847:ERROR:ssl_client_socket_impl.cc(962)] handshake failed; returned -1, SSL error code 1, net_error -202
[0810/222352.853:ERROR:ssl_client_socket_impl.cc(962)] handshake failed; returned -1, SSL error code 1, net_error -202
[0810/222352.858:ERROR:ssl_client_socket_impl.cc(962)] handshake failed; returned -1, SSL error code 1, net_error -202
[0810/222352.863:ERROR:ssl_client_socket_impl.cc(962)] handshake failed; returned -1, SSL error code 1, net_error -202
[0810/222352.868:ERROR:ssl_client_socket_impl.cc(962)] handshake failed; returned -1, SSL error code 1, net_error -202
[0810/222352.873:ERROR:ssl_client_socket_impl.cc(962)] handshake failed; returned -1, SSL error code 1, net_error -202
[0810/222352.881:ERROR:ssl_client_socket_impl.cc(962)] handshake failed; returned -1, SSL error code 1, net_error -202
[0810/222352.885:ERROR:ssl_client_socket_impl.cc(962)] handshake failed; returned -1, SSL error code 1, net_error -202
[0810/222352.890:ERROR:ssl_client_socket_impl.cc(962)] handshake failed; returned -1, SSL error code 1, net_error -202
[0810/222353.206:ERROR:ssl_client_socket_impl.cc(962)] handshake failed; returned -1, SSL error code 1, net_error -202
[0810/222353.244:ERROR:ssl_client_socket_impl.cc(962)] handshake failed; returned -1, SSL error code 1, net_error -202
[0810/222353.373:ERROR:ssl_client_socket_impl.cc(962)] handshake failed; returned -1, SSL error code 1, net_error -202
[0810/222405.970:ERROR:ssl_client_socket_impl.cc(962)] handshake failed; returned -1, SSL error code 1, net_error -202
[0810/222630.279:ERROR:ssl_client_socket_impl.cc(962)] handshake failed; returned -1, SSL error code 1, net_error -202
[0810/222630.446:ERROR:ssl_client_socket_impl.cc(962)] handshake failed; returned -1, SSL error code 1, net_error -202
[0810/222630.450:ERROR:ssl_client_socket_impl.cc(962)] handshake failed; returned -1, SSL error code 1, net_error -202
[0810/222630.455:ERROR:ssl_client_socket_impl.cc(962)] handshake failed; returned -1, SSL error code 1, net_error -202
[0810/222630.460:ERROR:ssl_client_socket_impl.cc(962)] handshake failed; returned -1, SSL error code 1, net_error -202
[0810/222630.464:ERROR:ssl_client_socket_impl.cc(962)] handshake failed; returned -1, SSL error code 1, net_error -202
[0810/222630.470:ERROR:ssl_client_socket_impl.cc(962)] handshake failed; returned -1, SSL error code 1, net_error -202
[0810/222630.477:ERROR:ssl_client_socket_impl.cc(962)] handshake failed; returned -1, SSL error code 1, net_error -202
[0810/222630.481:ERROR:ssl_client_socket_impl.cc(962)] handshake failed; returned -1, SSL error code 1, net_error -202
[0810/222630.486:ERROR:ssl_client_socket_impl.cc(962)] handshake failed; returned -1, SSL error code 1, net_error -202
[0810/222630.494:ERROR:ssl_client_socket_impl.cc(962)] handshake failed; returned -1, SSL error code 1, net_error -202
[0810/222630.498:ERROR:ssl_client_socket_impl.cc(962)] handshake failed; returned -1, SSL error code 1, net_error -202
[0810/222630.506:ERROR:ssl_client_socket_impl.cc(962)] handshake failed; returned -1, SSL error code 1, net_error -202
[0810/222630.510:ERROR:ssl_client_socket_impl.cc(962)] handshake failed; returned -1, SSL error code 1, net_error -202
[0810/222630.516:ERROR:ssl_client_socket_impl.cc(962)] handshake failed; returned -1, SSL error code 1, net_error -202
[0810/222630.858:ERROR:ssl_client_socket_impl.cc(962)] handshake failed; returned -1, SSL error code 1, net_error -202
[0810/222630.895:ERROR:ssl_client_socket_impl.cc(962)] handshake failed; returned -1, SSL error code 1, net_error -202
[0810/222631.016:ERROR:ssl_client_socket_impl.cc(962)] handshake failed; returned -1, SSL error code 1, net_error -202
[0810/222646.148:ERROR:ssl_client_socket_impl.cc(962)] handshake failed; returned -1, SSL error code 1, net_error -202
[0810/222646.247:ERROR:ssl_client_socket_impl.cc(962)] handshake failed; returned -1, SSL error code 1, net_error -202
[0810/222646.252:ERROR:ssl_client_socket_impl.cc(962)] handshake failed; returned -1, SSL error code 1, net_error -202
[0810/222646.273:ERROR:ssl_client_socket_impl.cc(962)] handshake failed; returned -1, SSL error code 1, net_error -202
[0810/222646.279:ERROR:ssl_client_socket_impl.cc(962)] handshake failed; returned -1, SSL error code 1, net_error -202
[0810/222646.303:ERROR:ssl_client_socket_impl.cc(962)] handshake failed; returned -1, SSL error code 1, net_error -202
[0810/222646.303:INFO:CONSOLE(67)] "Ignore config query 'Call Stack'(/CPUParentCallStack) because of duplicate display name!", source: https://127.0.0.1:1203/htmlutil/htmlutil-605129.js (67)
[0810/222646.305:INFO:CONSOLE(67)] "Ignore config query 'Thread'(/GenericThread) because of duplicate display name!", source: https://127.0.0.1:1203/htmlutil/htmlutil-605129.js (67)
[0810/222646.313:ERROR:ssl_client_socket_impl.cc(962)] handshake failed; returned -1, SSL error code 1, net_error -202
[0810/222646.341:ERROR:ssl_client_socket_impl.cc(962)] handshake failed; returned -1, SSL error code 1, net_error -202
[0810/222646.347:ERROR:ssl_client_socket_impl.cc(962)] handshake failed; returned -1, SSL error code 1, net_error -202
[0810/222646.365:ERROR:ssl_client_socket_impl.cc(962)] handshake failed; returned -1, SSL error code 1, net_error -202
[0810/222646.391:ERROR:ssl_client_socket_impl.cc(962)] handshake failed; returned -1, SSL error code 1, net_error -202
[0810/222646.427:ERROR:ssl_client_socket_impl.cc(962)] handshake failed; returned -1, SSL error code 1, net_error -202
[0810/222646.461:ERROR:ssl_client_socket_impl.cc(962)] handshake failed; returned -1, SSL error code 1, net_error -202
[0810/222646.777:INFO:CONSOLE(67)] "No selection filter is set yet", source: https://127.0.0.1:1203/htmlutil/htmlutil-605129.js (67)
[0810/222656.578:ERROR:ssl_client_socket_impl.cc(962)] handshake failed; returned -1, SSL error code 1, net_error -202
[0810/222701.616:ERROR:ssl_client_socket_impl.cc(962)] handshake failed; returned -1, SSL error code 1, net_error -202
[0810/222701.621:ERROR:ssl_client_socket_impl.cc(962)] handshake failed; returned -1, SSL error code 1, net_error -202
[0810/222701.685:ERROR:ssl_client_socket_impl.cc(962)] handshake failed; returned -1, SSL error code 1, net_error -202
[0810/222701.689:ERROR:ssl_client_socket_impl.cc(962)] handshake failed; returned -1, SSL error code 1, net_error -202
[0810/222701.705:ERROR:ssl_client_socket_impl.cc(962)] handshake failed; returned -1, SSL error code 1, net_error -202
[0810/222701.722:ERROR:ssl_client_socket_impl.cc(962)] handshake failed; returned -1, SSL error code 1, net_error -202
[0810/222701.725:ERROR:ssl_client_socket_impl.cc(962)] handshake failed; returned -1, SSL error code 1, net_error -202
[0810/222701.730:ERROR:ssl_client_socket_impl.cc(962)] handshake failed; returned -1, SSL error code 1, net_error -202
[0810/222701.734:ERROR:ssl_client_socket_impl.cc(962)] handshake failed; returned -1, SSL error code 1, net_error -202
[0810/222701.745:ERROR:ssl_client_socket_impl.cc(962)] handshake failed; returned -1, SSL error code 1, net_error -202
[0810/222704.382:INFO:CONSOLE(67)] "Ignore config query 'Thread'(/GenericThread) because of duplicate display name!", source: https://127.0.0.1:1203/htmlutil/htmlutil-605129.js (67)
[0810/222739.673:ERROR:ssl_client_socket_impl.cc(962)] handshake failed; returned -1, SSL error code 1, net_error -202
[0810/222744.015:ERROR:ssl_client_socket_impl.cc(962)] handshake failed; returned -1, SSL error code 1, net_error -202
[0810/222744.201:ERROR:ssl_client_socket_impl.cc(962)] handshake failed; returned -1, SSL error code 1, net_error -202
[0810/222744.211:ERROR:ssl_client_socket_impl.cc(962)] handshake failed; returned -1, SSL error code 1, net_error -202
[0810/222744.259:ERROR:ssl_client_socket_impl.cc(962)] handshake failed; returned -1, SSL error code 1, net_error -202
[0810/222744.265:ERROR:ssl_client_socket_impl.cc(962)] handshake failed; returned -1, SSL error code 1, net_error -202
[0810/222744.278:ERROR:ssl_client_socket_impl.cc(962)] handshake failed; returned -1, SSL error code 1, net_error -202
[0810/224712.462:ERROR:ssl_client_socket_impl.cc(962)] handshake failed; returned -1, SSL error code 1, net_error -202
